<?xml version="1.0" encoding="UTF-8"?>
<!-- Generated by org.testng.reporters.JUnitXMLReporter -->
<testsuite ignored="0" hostname="LAPTOP-8PAA0CNP" failures="1" tests="1" name="Default test(failed)" time="12.523" errors="0" timestamp="2021-05-27T10:28:40 IST">
  <testcase classname="com_actitime_Test.VersionTest" name="verifyVersion" time="1.604">
    <failure type="java.lang.NullPointerException">
      <![CDATA[java.lang.NullPointerException
at java.base/java.util.Objects.requireNonNull(Objects.java:208)
at org.openqa.selenium.support.ui.FluentWait.<init>(FluentWait.java:106)
at org.openqa.selenium.support.ui.WebDriverWait.<init>(WebDriverWait.java:85)
at org.openqa.selenium.support.ui.WebDriverWait.<init>(WebDriverWait.java:45)
at com_actitime_Generic.BasePage.verifyTitle(BasePage.java:21)
at com_actitime_Test.VersionTest.verifyVersion(VersionTest.java:24)
at java.base/java.util.ArrayList.forEach(ArrayList.java:1511)
... Removed 27 stack frames]]>
    </failure>
  </testcase> <!-- verifyVersion -->
</testsuite> <!-- Default test(failed) -->
