<?xml version="1.0" encoding="UTF-8"?>
<!-- Generated by org.testng.reporters.JUnitXMLReporter -->
<testsuite ignored="0" hostname="LAPTOP-8PAA0CNP" failures="0" tests="3" name="ChromeTest" time="100.389" errors="0" timestamp="2021-05-30T11:56:03 IST">
  <testcase classname="com_actitime_Test.InvalidloginTest" name="invalidLogin" time="12.164"/>
  <testcase classname="com_actitime_Test.VersionTest" name="verifyVersion" time="0.264"/>
  <testcase classname="com_actitime_Test.VerifybuildnumberTest" name="verifyBuildNumber" time="24.76"/>
</testsuite> <!-- ChromeTest -->
